----------------------------------------
ActivityId: 2a42a2f7-bfc7-4229-8d49-60ac01b76b18

Timestamp: 10/9/2024 7:26:37 AM

Message: HandlingInstanceID: be8e9f50-c86e-4886-b4e7-873546bb89bd
An exception of type 'System.Web.HttpException' occurred and was caught.
------------------------------------------------------------------------
10/09/2024 15:26:36
Type : System.Web.HttpException, System.Web, Version=4.0.0.0, Culture=neutral, PublicKeyToken=b03f5f7f11d50a3a
Message : Type 'ASP._Page_ResourcePackages_Custom_MVC_Views_Layouts_custom_cshtml' does not inherit from 'System.Web.WebPages.WebPage'.
Source : System.Web
Help link : 
WebEventCode : 0
ErrorCode : -2147467259
Data : System.Collections.ListDictionaryInternal
TargetSite : Void CheckAssignableType(System.Type, System.Type)
HResult : -2147467259
Stack Trace :    at System.Web.UI.Util.CheckAssignableType(Type baseType, Type type)
   at System.Web.Compilation.BuildManager.CreateInstanceFromVirtualPath(VirtualPath virtualPath, Type requiredBaseType, HttpContext context, Boolean allowCrossApp)
   at System.Web.WebPages.BuildManagerWrapper.CreateInstanceOfType[T](String virtualPath)
   at System.Web.WebPages.VirtualPathFactoryManager.CreateInstanceOfType[T](String virtualPath)
   at System.Web.WebPages.WebPageHttpHandler.CreateFromVirtualPath(String virtualPath, IVirtualPathFactory virtualPathFactory)
   at System.Web.WebPages.WebPageRoute.DoPostResolveRequestCache(HttpContextBase context)
   at System.Web.HttpApplication.SyncEventExecutionStep.System.Web.HttpApplication.IExecutionStep.Execute()
   at System.Web.HttpApplication.ExecuteStepImpl(IExecutionStep step)
   at System.Web.HttpApplication.ExecuteStep(IExecutionStep step, Boolean& completedSynchronously)

Additional Info:

MachineName : DESKTOP-PORIVCO
TimeStamp : 10/9/2024 7:26:36 AM
FullName : Telerik.Sitefinity.Utilities, Version=14.4.8100.0, Culture=neutral, PublicKeyToken=b28c218413bdf563
AppDomainName : /LM/W3SVC/2/ROOT-1-133729323746109577
ThreadIdentity : Anonymous
WindowsIdentity : DESKTOP-PORIVCO\paul
Requested URL : https://localhost:44301/ResourcePackages/Custom/MVC/Views/Layouts/custom.cshtml


Category: ErrorLog

Priority: 0

EventId: 90000

Severity: Error

Title:Enterprise Library Exception Handling

Machine: DESKTOP-PORIVCO

App Domain: /LM/W3SVC/2/ROOT-1-133729323746109577

ProcessId: 1580

Process Name: C:\Program Files\IIS Express\iisexpress.exe

Thread Name: 

Win32 ThreadId:25416

Extended Properties: 
----------------------------------------
----------------------------------------
ActivityId: 00000000-0000-0000-0000-000000000000

Timestamp: 10/9/2024 7:56:55 AM

Message: HandlingInstanceID: eae28af5-14eb-4d1b-be37-fa35ad78d294
An exception of type 'System.ArgumentException' occurred and was caught.
------------------------------------------------------------------------
10/09/2024 15:56:55
Type : System.ArgumentException, mscorlib, Version=4.0.0.0, Culture=neutral, PublicKeyToken=b77a5c561934e089
Message : Cannot find template "~/Frontend-Assembly/Telerik.Sitefinity.Frontend/GridSystem/Templates/grid-5+7.html". Most probably it is specific for a particular resource package which is not applied in the current context. Try duplicating the template in SitefinityWebApp root folder while keeping the same folder hierarchy.
Source : Telerik.Sitefinity.Frontend
Help link : 
ParamName : 
Data : System.Collections.ListDictionaryInternal
TargetSite : System.Web.UI.ITemplate GetTemplate(Boolean, Boolean, System.String)
HResult : -2147024809
Stack Trace :    at Telerik.Sitefinity.Frontend.GridSystem.GridControl.GetTemplate(Boolean isVirtualPath, Boolean isHtmlTemplate, String layout)
   at Telerik.Sitefinity.Frontend.GridSystem.GridControl.GetTemplate()
   at Telerik.Sitefinity.Web.UI.LayoutControl.Initialize()
   at Telerik.Sitefinity.Web.UI.LayoutControl.CreateChildControls()

Additional Info:

MachineName : DESKTOP-PORIVCO
TimeStamp : 10/9/2024 7:56:55 AM
FullName : Telerik.Sitefinity.Utilities, Version=14.4.8100.0, Culture=neutral, PublicKeyToken=b28c218413bdf563
AppDomainName : /LM/W3SVC/2/ROOT-1-133729341683756875
ThreadIdentity : adminuser@email.com
WindowsIdentity : DESKTOP-PORIVCO\paul
Requested URL : https://localhost:44301/Sitefinity/Services/Pages/ZoneEditorService.svc/Layout/?package=Custom


Category: ErrorLog

Priority: 0

EventId: 9010

Severity: Warning

Title:Enterprise Library Exception Handling

Machine: DESKTOP-PORIVCO

App Domain: /LM/W3SVC/2/ROOT-1-133729341683756875

ProcessId: 15528

Process Name: C:\Program Files\IIS Express\iisexpress.exe

Thread Name: 

Win32 ThreadId:19316

Extended Properties: 
----------------------------------------
----------------------------------------
ActivityId: 00000000-0000-0000-0000-000000000000

Timestamp: 10/9/2024 7:56:55 AM

Message: HandlingInstanceID: 8c2dc0c9-a70b-496c-be88-2fbc3cf2902a
An exception of type 'System.ArgumentException' occurred and was caught.
------------------------------------------------------------------------
10/09/2024 15:56:55
Type : System.ArgumentException, mscorlib, Version=4.0.0.0, Culture=neutral, PublicKeyToken=b77a5c561934e089
Message : Cannot find template "~/Frontend-Assembly/Telerik.Sitefinity.Frontend/GridSystem/Templates/grid-5+7.html". Most probably it is specific for a particular resource package which is not applied in the current context. Try duplicating the template in SitefinityWebApp root folder while keeping the same folder hierarchy.
Source : Telerik.Sitefinity.Frontend
Help link : 
ParamName : 
Data : System.Collections.ListDictionaryInternal
TargetSite : System.Web.UI.ITemplate GetTemplate(Boolean, Boolean, System.String)
HResult : -2147024809
Stack Trace :    at Telerik.Sitefinity.Frontend.GridSystem.GridControl.GetTemplate(Boolean isVirtualPath, Boolean isHtmlTemplate, String layout)
   at Telerik.Sitefinity.Frontend.GridSystem.GridControl.GetTemplate()
   at Telerik.Sitefinity.Web.UI.LayoutControl.Initialize()
   at Telerik.Sitefinity.Web.UI.LayoutControl.CreateChildControls()

Additional Info:

MachineName : DESKTOP-PORIVCO
TimeStamp : 10/9/2024 7:56:55 AM
FullName : Telerik.Sitefinity.Utilities, Version=14.4.8100.0, Culture=neutral, PublicKeyToken=b28c218413bdf563
AppDomainName : /LM/W3SVC/2/ROOT-1-133729341683756875
ThreadIdentity : adminuser@email.com
WindowsIdentity : DESKTOP-PORIVCO\paul
Requested URL : https://localhost:44301/Sitefinity/Services/Pages/ZoneEditorService.svc/Layout/?package=Custom


Category: ErrorLog

Priority: 0

EventId: 9010

Severity: Warning

Title:Enterprise Library Exception Handling

Machine: DESKTOP-PORIVCO

App Domain: /LM/W3SVC/2/ROOT-1-133729341683756875

ProcessId: 15528

Process Name: C:\Program Files\IIS Express\iisexpress.exe

Thread Name: 

Win32 ThreadId:19316

Extended Properties: 
----------------------------------------
----------------------------------------
ActivityId: 00000000-0000-0000-0000-000000000000

Timestamp: 10/9/2024 7:56:59 AM

Message: HandlingInstanceID: f981581f-7562-4ee5-99ee-c8f67c8cf332
An exception of type 'System.ArgumentException' occurred and was caught.
------------------------------------------------------------------------
10/09/2024 15:56:59
Type : System.ArgumentException, mscorlib, Version=4.0.0.0, Culture=neutral, PublicKeyToken=b77a5c561934e089
Message : Cannot find template "~/Frontend-Assembly/Telerik.Sitefinity.Frontend/GridSystem/Templates/grid-7+5.html". Most probably it is specific for a particular resource package which is not applied in the current context. Try duplicating the template in SitefinityWebApp root folder while keeping the same folder hierarchy.
Source : Telerik.Sitefinity.Frontend
Help link : 
ParamName : 
Data : System.Collections.ListDictionaryInternal
TargetSite : System.Web.UI.ITemplate GetTemplate(Boolean, Boolean, System.String)
HResult : -2147024809
Stack Trace :    at Telerik.Sitefinity.Frontend.GridSystem.GridControl.GetTemplate(Boolean isVirtualPath, Boolean isHtmlTemplate, String layout)
   at Telerik.Sitefinity.Frontend.GridSystem.GridControl.GetTemplate()
   at Telerik.Sitefinity.Web.UI.LayoutControl.Initialize()
   at Telerik.Sitefinity.Web.UI.LayoutControl.CreateChildControls()

Additional Info:

MachineName : DESKTOP-PORIVCO
TimeStamp : 10/9/2024 7:56:59 AM
FullName : Telerik.Sitefinity.Utilities, Version=14.4.8100.0, Culture=neutral, PublicKeyToken=b28c218413bdf563
AppDomainName : /LM/W3SVC/2/ROOT-1-133729341683756875
ThreadIdentity : adminuser@email.com
WindowsIdentity : DESKTOP-PORIVCO\paul
Requested URL : https://localhost:44301/Sitefinity/Services/Pages/ZoneEditorService.svc/Layout/?package=Custom


Category: ErrorLog

Priority: 0

EventId: 9010

Severity: Warning

Title:Enterprise Library Exception Handling

Machine: DESKTOP-PORIVCO

App Domain: /LM/W3SVC/2/ROOT-1-133729341683756875

ProcessId: 15528

Process Name: C:\Program Files\IIS Express\iisexpress.exe

Thread Name: 

Win32 ThreadId:19316

Extended Properties: 
----------------------------------------
----------------------------------------
ActivityId: 00000000-0000-0000-0000-000000000000

Timestamp: 10/9/2024 7:56:59 AM

Message: HandlingInstanceID: c219aa0f-e025-40f5-9c40-4038c0af60c1
An exception of type 'System.ArgumentException' occurred and was caught.
------------------------------------------------------------------------
10/09/2024 15:56:59
Type : System.ArgumentException, mscorlib, Version=4.0.0.0, Culture=neutral, PublicKeyToken=b77a5c561934e089
Message : Cannot find template "~/Frontend-Assembly/Telerik.Sitefinity.Frontend/GridSystem/Templates/grid-7+5.html". Most probably it is specific for a particular resource package which is not applied in the current context. Try duplicating the template in SitefinityWebApp root folder while keeping the same folder hierarchy.
Source : Telerik.Sitefinity.Frontend
Help link : 
ParamName : 
Data : System.Collections.ListDictionaryInternal
TargetSite : System.Web.UI.ITemplate GetTemplate(Boolean, Boolean, System.String)
HResult : -2147024809
Stack Trace :    at Telerik.Sitefinity.Frontend.GridSystem.GridControl.GetTemplate(Boolean isVirtualPath, Boolean isHtmlTemplate, String layout)
   at Telerik.Sitefinity.Frontend.GridSystem.GridControl.GetTemplate()
   at Telerik.Sitefinity.Web.UI.LayoutControl.Initialize()
   at Telerik.Sitefinity.Web.UI.LayoutControl.CreateChildControls()

Additional Info:

MachineName : DESKTOP-PORIVCO
TimeStamp : 10/9/2024 7:56:59 AM
FullName : Telerik.Sitefinity.Utilities, Version=14.4.8100.0, Culture=neutral, PublicKeyToken=b28c218413bdf563
AppDomainName : /LM/W3SVC/2/ROOT-1-133729341683756875
ThreadIdentity : adminuser@email.com
WindowsIdentity : DESKTOP-PORIVCO\paul
Requested URL : https://localhost:44301/Sitefinity/Services/Pages/ZoneEditorService.svc/Layout/?package=Custom


Category: ErrorLog

Priority: 0

EventId: 9010

Severity: Warning

Title:Enterprise Library Exception Handling

Machine: DESKTOP-PORIVCO

App Domain: /LM/W3SVC/2/ROOT-1-133729341683756875

ProcessId: 15528

Process Name: C:\Program Files\IIS Express\iisexpress.exe

Thread Name: 

Win32 ThreadId:19316

Extended Properties: 
----------------------------------------
----------------------------------------
ActivityId: 7143dbc8-330c-49c9-a812-a095ea65e0f6

Timestamp: 10/9/2024 7:58:21 AM

Message: HandlingInstanceID: a487ef72-05c3-4ab6-aaae-92d10c219bdf
An exception of type 'System.ArgumentException' occurred and was caught.
------------------------------------------------------------------------
10/09/2024 15:58:21
Type : System.ArgumentException, mscorlib, Version=4.0.0.0, Culture=neutral, PublicKeyToken=b77a5c561934e089
Message : Cannot find template "~/Frontend-Assembly/Telerik.Sitefinity.Frontend/GridSystem/Templates/grid-5+7.html". Most probably it is specific for a particular resource package which is not applied in the current context. Try duplicating the template in SitefinityWebApp root folder while keeping the same folder hierarchy.
Source : Telerik.Sitefinity.Frontend
Help link : 
ParamName : 
Data : System.Collections.ListDictionaryInternal
TargetSite : System.Web.UI.ITemplate GetTemplate(Boolean, Boolean, System.String)
HResult : -2147024809
Stack Trace :    at Telerik.Sitefinity.Frontend.GridSystem.GridControl.GetTemplate(Boolean isVirtualPath, Boolean isHtmlTemplate, String layout)
   at Telerik.Sitefinity.Frontend.GridSystem.GridControl.GetTemplate()
   at Telerik.Sitefinity.Web.UI.LayoutControl.Initialize()
   at Telerik.Sitefinity.Web.UI.LayoutControl.CreateChildControls()

Additional Info:

MachineName : DESKTOP-PORIVCO
TimeStamp : 10/9/2024 7:58:21 AM
FullName : Telerik.Sitefinity.Utilities, Version=14.4.8100.0, Culture=neutral, PublicKeyToken=b28c218413bdf563
AppDomainName : /LM/W3SVC/2/ROOT-1-133729342729379575
ThreadIdentity : adminuser@email.com
WindowsIdentity : DESKTOP-PORIVCO\paul
Requested URL : https://localhost:44301/test/Action/Edit/en


Category: ErrorLog

Priority: 0

EventId: 9010

Severity: Warning

Title:Enterprise Library Exception Handling

Machine: DESKTOP-PORIVCO

App Domain: /LM/W3SVC/2/ROOT-1-133729342729379575

ProcessId: 26016

Process Name: C:\Program Files\IIS Express\iisexpress.exe

Thread Name: 

Win32 ThreadId:17112

Extended Properties: 
----------------------------------------
----------------------------------------
ActivityId: 7143dbc8-330c-49c9-a812-a095ea65e0f6

Timestamp: 10/9/2024 7:58:21 AM

Message: HandlingInstanceID: d07c18ed-53c9-4da9-ae2f-4468fc223206
An exception of type 'System.ArgumentException' occurred and was caught.
------------------------------------------------------------------------
10/09/2024 15:58:21
Type : System.ArgumentException, mscorlib, Version=4.0.0.0, Culture=neutral, PublicKeyToken=b77a5c561934e089
Message : Cannot find template "~/Frontend-Assembly/Telerik.Sitefinity.Frontend/GridSystem/Templates/grid-7+5.html". Most probably it is specific for a particular resource package which is not applied in the current context. Try duplicating the template in SitefinityWebApp root folder while keeping the same folder hierarchy.
Source : Telerik.Sitefinity.Frontend
Help link : 
ParamName : 
Data : System.Collections.ListDictionaryInternal
TargetSite : System.Web.UI.ITemplate GetTemplate(Boolean, Boolean, System.String)
HResult : -2147024809
Stack Trace :    at Telerik.Sitefinity.Frontend.GridSystem.GridControl.GetTemplate(Boolean isVirtualPath, Boolean isHtmlTemplate, String layout)
   at Telerik.Sitefinity.Frontend.GridSystem.GridControl.GetTemplate()
   at Telerik.Sitefinity.Web.UI.LayoutControl.Initialize()
   at Telerik.Sitefinity.Web.UI.LayoutControl.CreateChildControls()

Additional Info:

MachineName : DESKTOP-PORIVCO
TimeStamp : 10/9/2024 7:58:21 AM
FullName : Telerik.Sitefinity.Utilities, Version=14.4.8100.0, Culture=neutral, PublicKeyToken=b28c218413bdf563
AppDomainName : /LM/W3SVC/2/ROOT-1-133729342729379575
ThreadIdentity : adminuser@email.com
WindowsIdentity : DESKTOP-PORIVCO\paul
Requested URL : https://localhost:44301/test/Action/Edit/en


Category: ErrorLog

Priority: 0

EventId: 9010

Severity: Warning

Title:Enterprise Library Exception Handling

Machine: DESKTOP-PORIVCO

App Domain: /LM/W3SVC/2/ROOT-1-133729342729379575

ProcessId: 26016

Process Name: C:\Program Files\IIS Express\iisexpress.exe

Thread Name: 

Win32 ThreadId:17112

Extended Properties: 
----------------------------------------
----------------------------------------
ActivityId: 7143dbc8-330c-49c9-a812-a095ea65e0f6

Timestamp: 10/9/2024 7:58:25 AM

Message: HandlingInstanceID: 89cd22a9-4585-459d-8c50-38bf7f2d8fe6
An exception of type 'System.ArgumentException' occurred and was caught.
------------------------------------------------------------------------
10/09/2024 15:58:25
Type : System.ArgumentException, mscorlib, Version=4.0.0.0, Culture=neutral, PublicKeyToken=b77a5c561934e089
Message : Cannot find template "~/Frontend-Assembly/Telerik.Sitefinity.Frontend/GridSystem/Templates/grid-7+5.html". Most probably it is specific for a particular resource package which is not applied in the current context. Try duplicating the template in SitefinityWebApp root folder while keeping the same folder hierarchy.
Source : Telerik.Sitefinity.Frontend
Help link : 
ParamName : 
Data : System.Collections.ListDictionaryInternal
TargetSite : System.Web.UI.ITemplate GetTemplate(Boolean, Boolean, System.String)
HResult : -2147024809
Stack Trace :    at Telerik.Sitefinity.Frontend.GridSystem.GridControl.GetTemplate(Boolean isVirtualPath, Boolean isHtmlTemplate, String layout)
   at Telerik.Sitefinity.Frontend.GridSystem.GridControl.GetTemplate()
   at Telerik.Sitefinity.Web.UI.LayoutControl.Initialize()
   at Telerik.Sitefinity.Web.UI.LayoutControl.CreateChildControls()

Additional Info:

MachineName : DESKTOP-PORIVCO
TimeStamp : 10/9/2024 7:58:25 AM
FullName : Telerik.Sitefinity.Utilities, Version=14.4.8100.0, Culture=neutral, PublicKeyToken=b28c218413bdf563
AppDomainName : /LM/W3SVC/2/ROOT-1-133729342729379575
ThreadIdentity : adminuser@email.com
WindowsIdentity : DESKTOP-PORIVCO\paul
Requested URL : https://localhost:44301/test/Action/Edit/en


Category: ErrorLog

Priority: 0

EventId: 9010

Severity: Warning

Title:Enterprise Library Exception Handling

Machine: DESKTOP-PORIVCO

App Domain: /LM/W3SVC/2/ROOT-1-133729342729379575

ProcessId: 26016

Process Name: C:\Program Files\IIS Express\iisexpress.exe

Thread Name: 

Win32 ThreadId:17112

Extended Properties: 
----------------------------------------
----------------------------------------
ActivityId: 7143dbc8-330c-49c9-a812-a095ea65e0f6

Timestamp: 10/9/2024 7:58:25 AM

Message: HandlingInstanceID: b884081b-a1a3-4b85-85ab-860e18cc85c6
An exception of type 'System.ArgumentException' occurred and was caught.
------------------------------------------------------------------------
10/09/2024 15:58:25
Type : System.ArgumentException, mscorlib, Version=4.0.0.0, Culture=neutral, PublicKeyToken=b77a5c561934e089
Message : Cannot find template "~/Frontend-Assembly/Telerik.Sitefinity.Frontend/GridSystem/Templates/grid-5+7.html". Most probably it is specific for a particular resource package which is not applied in the current context. Try duplicating the template in SitefinityWebApp root folder while keeping the same folder hierarchy.
Source : Telerik.Sitefinity.Frontend
Help link : 
ParamName : 
Data : System.Collections.ListDictionaryInternal
TargetSite : System.Web.UI.ITemplate GetTemplate(Boolean, Boolean, System.String)
HResult : -2147024809
Stack Trace :    at Telerik.Sitefinity.Frontend.GridSystem.GridControl.GetTemplate(Boolean isVirtualPath, Boolean isHtmlTemplate, String layout)
   at Telerik.Sitefinity.Frontend.GridSystem.GridControl.GetTemplate()
   at Telerik.Sitefinity.Web.UI.LayoutControl.Initialize()
   at Telerik.Sitefinity.Web.UI.LayoutControl.CreateChildControls()

Additional Info:

MachineName : DESKTOP-PORIVCO
TimeStamp : 10/9/2024 7:58:25 AM
FullName : Telerik.Sitefinity.Utilities, Version=14.4.8100.0, Culture=neutral, PublicKeyToken=b28c218413bdf563
AppDomainName : /LM/W3SVC/2/ROOT-1-133729342729379575
ThreadIdentity : adminuser@email.com
WindowsIdentity : DESKTOP-PORIVCO\paul
Requested URL : https://localhost:44301/test/Action/Edit/en


Category: ErrorLog

Priority: 0

EventId: 9010

Severity: Warning

Title:Enterprise Library Exception Handling

Machine: DESKTOP-PORIVCO

App Domain: /LM/W3SVC/2/ROOT-1-133729342729379575

ProcessId: 26016

Process Name: C:\Program Files\IIS Express\iisexpress.exe

Thread Name: 

Win32 ThreadId:17112

Extended Properties: 
----------------------------------------
----------------------------------------
ActivityId: 00000000-0000-0000-0000-000000000000

Timestamp: 10/9/2024 7:58:38 AM

Message: HandlingInstanceID: 029ce10b-055f-4db7-b15e-1fb5057cb584
An exception of type 'System.ArgumentException' occurred and was caught.
------------------------------------------------------------------------
10/09/2024 15:58:38
Type : System.ArgumentException, mscorlib, Version=4.0.0.0, Culture=neutral, PublicKeyToken=b77a5c561934e089
Message : Cannot find template "~/Frontend-Assembly/Telerik.Sitefinity.Frontend/GridSystem/Templates/grid-5+7.html". Most probably it is specific for a particular resource package which is not applied in the current context. Try duplicating the template in SitefinityWebApp root folder while keeping the same folder hierarchy.
Source : Telerik.Sitefinity.Frontend
Help link : 
ParamName : 
Data : System.Collections.ListDictionaryInternal
TargetSite : System.Web.UI.ITemplate GetTemplate(Boolean, Boolean, System.String)
HResult : -2147024809
Stack Trace :    at Telerik.Sitefinity.Frontend.GridSystem.GridControl.GetTemplate(Boolean isVirtualPath, Boolean isHtmlTemplate, String layout)
   at Telerik.Sitefinity.Frontend.GridSystem.GridControl.GetTemplate()
   at Telerik.Sitefinity.Web.UI.LayoutControl.Initialize()
   at Telerik.Sitefinity.Web.UI.LayoutControl.CreateChildControls()

Additional Info:

MachineName : DESKTOP-PORIVCO
TimeStamp : 10/9/2024 7:58:38 AM
FullName : Telerik.Sitefinity.Utilities, Version=14.4.8100.0, Culture=neutral, PublicKeyToken=b28c218413bdf563
AppDomainName : /LM/W3SVC/2/ROOT-1-133729342729379575
ThreadIdentity : adminuser@email.com
WindowsIdentity : DESKTOP-PORIVCO\paul
Requested URL : https://localhost:44301/Sitefinity/Services/Pages/ZoneEditorService.svc/Layout/?package=Custom


Category: ErrorLog

Priority: 0

EventId: 9010

Severity: Warning

Title:Enterprise Library Exception Handling

Machine: DESKTOP-PORIVCO

App Domain: /LM/W3SVC/2/ROOT-1-133729342729379575

ProcessId: 26016

Process Name: C:\Program Files\IIS Express\iisexpress.exe

Thread Name: 

Win32 ThreadId:13868

Extended Properties: 
----------------------------------------
----------------------------------------
ActivityId: 00000000-0000-0000-0000-000000000000

Timestamp: 10/9/2024 7:58:38 AM

Message: HandlingInstanceID: bf87718d-8555-4b39-86c1-1f0412055e56
An exception of type 'System.ArgumentException' occurred and was caught.
------------------------------------------------------------------------
10/09/2024 15:58:38
Type : System.ArgumentException, mscorlib, Version=4.0.0.0, Culture=neutral, PublicKeyToken=b77a5c561934e089
Message : Cannot find template "~/Frontend-Assembly/Telerik.Sitefinity.Frontend/GridSystem/Templates/grid-5+7.html". Most probably it is specific for a particular resource package which is not applied in the current context. Try duplicating the template in SitefinityWebApp root folder while keeping the same folder hierarchy.
Source : Telerik.Sitefinity.Frontend
Help link : 
ParamName : 
Data : System.Collections.ListDictionaryInternal
TargetSite : System.Web.UI.ITemplate GetTemplate(Boolean, Boolean, System.String)
HResult : -2147024809
Stack Trace :    at Telerik.Sitefinity.Frontend.GridSystem.GridControl.GetTemplate(Boolean isVirtualPath, Boolean isHtmlTemplate, String layout)
   at Telerik.Sitefinity.Frontend.GridSystem.GridControl.GetTemplate()
   at Telerik.Sitefinity.Web.UI.LayoutControl.Initialize()
   at Telerik.Sitefinity.Web.UI.LayoutControl.CreateChildControls()

Additional Info:

MachineName : DESKTOP-PORIVCO
TimeStamp : 10/9/2024 7:58:38 AM
FullName : Telerik.Sitefinity.Utilities, Version=14.4.8100.0, Culture=neutral, PublicKeyToken=b28c218413bdf563
AppDomainName : /LM/W3SVC/2/ROOT-1-133729342729379575
ThreadIdentity : adminuser@email.com
WindowsIdentity : DESKTOP-PORIVCO\paul
Requested URL : https://localhost:44301/Sitefinity/Services/Pages/ZoneEditorService.svc/Layout/?package=Custom


Category: ErrorLog

Priority: 0

EventId: 9010

Severity: Warning

Title:Enterprise Library Exception Handling

Machine: DESKTOP-PORIVCO

App Domain: /LM/W3SVC/2/ROOT-1-133729342729379575

ProcessId: 26016

Process Name: C:\Program Files\IIS Express\iisexpress.exe

Thread Name: 

Win32 ThreadId:13868

Extended Properties: 
----------------------------------------
----------------------------------------
ActivityId: 00000000-0000-0000-0000-000000000000

Timestamp: 10/9/2024 7:58:48 AM

Message: HandlingInstanceID: 77b9d1d3-b877-4c4f-a8eb-e7a12ffbe63a
An exception of type 'System.ArgumentException' occurred and was caught.
------------------------------------------------------------------------
10/09/2024 15:58:48
Type : System.ArgumentException, mscorlib, Version=4.0.0.0, Culture=neutral, PublicKeyToken=b77a5c561934e089
Message : Cannot find template "~/Frontend-Assembly/Telerik.Sitefinity.Frontend/GridSystem/Templates/grid-5+7.html". Most probably it is specific for a particular resource package which is not applied in the current context. Try duplicating the template in SitefinityWebApp root folder while keeping the same folder hierarchy.
Source : Telerik.Sitefinity.Frontend
Help link : 
ParamName : 
Data : System.Collections.ListDictionaryInternal
TargetSite : System.Web.UI.ITemplate GetTemplate(Boolean, Boolean, System.String)
HResult : -2147024809
Stack Trace :    at Telerik.Sitefinity.Frontend.GridSystem.GridControl.GetTemplate(Boolean isVirtualPath, Boolean isHtmlTemplate, String layout)
   at Telerik.Sitefinity.Frontend.GridSystem.GridControl.GetTemplate()
   at Telerik.Sitefinity.Web.UI.LayoutControl.Initialize()
   at Telerik.Sitefinity.Web.UI.LayoutControl.CreateChildControls()

Additional Info:

MachineName : DESKTOP-PORIVCO
TimeStamp : 10/9/2024 7:58:48 AM
FullName : Telerik.Sitefinity.Utilities, Version=14.4.8100.0, Culture=neutral, PublicKeyToken=b28c218413bdf563
AppDomainName : /LM/W3SVC/2/ROOT-1-133729342729379575
ThreadIdentity : adminuser@email.com
WindowsIdentity : DESKTOP-PORIVCO\paul
Requested URL : https://localhost:44301/Sitefinity/Services/Pages/ZoneEditorService.svc/Layout/?package=Custom


Category: ErrorLog

Priority: 0

EventId: 9010

Severity: Warning

Title:Enterprise Library Exception Handling

Machine: DESKTOP-PORIVCO

App Domain: /LM/W3SVC/2/ROOT-1-133729342729379575

ProcessId: 26016

Process Name: C:\Program Files\IIS Express\iisexpress.exe

Thread Name: 

Win32 ThreadId:13868

Extended Properties: 
----------------------------------------
----------------------------------------
ActivityId: 00000000-0000-0000-0000-000000000000

Timestamp: 10/9/2024 7:58:48 AM

Message: HandlingInstanceID: c539096d-7416-4e82-b4e7-a424a552a71f
An exception of type 'System.ArgumentException' occurred and was caught.
------------------------------------------------------------------------
10/09/2024 15:58:48
Type : System.ArgumentException, mscorlib, Version=4.0.0.0, Culture=neutral, PublicKeyToken=b77a5c561934e089
Message : Cannot find template "~/Frontend-Assembly/Telerik.Sitefinity.Frontend/GridSystem/Templates/grid-5+7.html". Most probably it is specific for a particular resource package which is not applied in the current context. Try duplicating the template in SitefinityWebApp root folder while keeping the same folder hierarchy.
Source : Telerik.Sitefinity.Frontend
Help link : 
ParamName : 
Data : System.Collections.ListDictionaryInternal
TargetSite : System.Web.UI.ITemplate GetTemplate(Boolean, Boolean, System.String)
HResult : -2147024809
Stack Trace :    at Telerik.Sitefinity.Frontend.GridSystem.GridControl.GetTemplate(Boolean isVirtualPath, Boolean isHtmlTemplate, String layout)
   at Telerik.Sitefinity.Frontend.GridSystem.GridControl.GetTemplate()
   at Telerik.Sitefinity.Web.UI.LayoutControl.Initialize()
   at Telerik.Sitefinity.Web.UI.LayoutControl.CreateChildControls()

Additional Info:

MachineName : DESKTOP-PORIVCO
TimeStamp : 10/9/2024 7:58:48 AM
FullName : Telerik.Sitefinity.Utilities, Version=14.4.8100.0, Culture=neutral, PublicKeyToken=b28c218413bdf563
AppDomainName : /LM/W3SVC/2/ROOT-1-133729342729379575
ThreadIdentity : adminuser@email.com
WindowsIdentity : DESKTOP-PORIVCO\paul
Requested URL : https://localhost:44301/Sitefinity/Services/Pages/ZoneEditorService.svc/Layout/?package=Custom


Category: ErrorLog

Priority: 0

EventId: 9010

Severity: Warning

Title:Enterprise Library Exception Handling

Machine: DESKTOP-PORIVCO

App Domain: /LM/W3SVC/2/ROOT-1-133729342729379575

ProcessId: 26016

Process Name: C:\Program Files\IIS Express\iisexpress.exe

Thread Name: 

Win32 ThreadId:13868

Extended Properties: 
----------------------------------------
----------------------------------------
ActivityId: 00000000-0000-0000-0000-000000000000

Timestamp: 10/9/2024 7:58:48 AM

Message: HandlingInstanceID: f1aeb209-6e9b-4e71-b679-99411ffc1bc4
An exception of type 'System.ArgumentException' occurred and was caught.
------------------------------------------------------------------------
10/09/2024 15:58:48
Type : System.ArgumentException, mscorlib, Version=4.0.0.0, Culture=neutral, PublicKeyToken=b77a5c561934e089
Message : Cannot find template "~/Frontend-Assembly/Telerik.Sitefinity.Frontend/GridSystem/Templates/grid-7+5.html". Most probably it is specific for a particular resource package which is not applied in the current context. Try duplicating the template in SitefinityWebApp root folder while keeping the same folder hierarchy.
Source : Telerik.Sitefinity.Frontend
Help link : 
ParamName : 
Data : System.Collections.ListDictionaryInternal
TargetSite : System.Web.UI.ITemplate GetTemplate(Boolean, Boolean, System.String)
HResult : -2147024809
Stack Trace :    at Telerik.Sitefinity.Frontend.GridSystem.GridControl.GetTemplate(Boolean isVirtualPath, Boolean isHtmlTemplate, String layout)
   at Telerik.Sitefinity.Frontend.GridSystem.GridControl.GetTemplate()
   at Telerik.Sitefinity.Web.UI.LayoutControl.Initialize()
   at Telerik.Sitefinity.Web.UI.LayoutControl.CreateChildControls()

Additional Info:

MachineName : DESKTOP-PORIVCO
TimeStamp : 10/9/2024 7:58:48 AM
FullName : Telerik.Sitefinity.Utilities, Version=14.4.8100.0, Culture=neutral, PublicKeyToken=b28c218413bdf563
AppDomainName : /LM/W3SVC/2/ROOT-1-133729342729379575
ThreadIdentity : adminuser@email.com
WindowsIdentity : DESKTOP-PORIVCO\paul
Requested URL : https://localhost:44301/Sitefinity/Services/Pages/ZoneEditorService.svc/Layout/?package=Custom


Category: ErrorLog

Priority: 0

EventId: 9010

Severity: Warning

Title:Enterprise Library Exception Handling

Machine: DESKTOP-PORIVCO

App Domain: /LM/W3SVC/2/ROOT-1-133729342729379575

ProcessId: 26016

Process Name: C:\Program Files\IIS Express\iisexpress.exe

Thread Name: 

Win32 ThreadId:13868

Extended Properties: 
----------------------------------------
